[debug] [2021-03-31T01:12:53.348Z] ----------------------------------------------------------------------
[debug] [2021-03-31T01:12:53.351Z] Command:       C:\Program Files\nodejs\node.exe C:\Users\Probook\AppData\Roaming\npm\node_modules\firebase-tools\lib\bin\firebase.js deploy
[debug] [2021-03-31T01:12:53.352Z] CLI Version:   9.8.0
[debug] [2021-03-31T01:12:53.352Z] Platform:      win32
[debug] [2021-03-31T01:12:53.352Z] Node Version:  v14.16.0
[debug] [2021-03-31T01:12:53.353Z] Time:          Wed Mar 31 2021 08:12:53 GMT+0700 (Indochina Time)
[debug] [2021-03-31T01:12:53.353Z] ----------------------------------------------------------------------
[debug] 
[debug] [2021-03-31T01:12:53.363Z] > command requires scopes: ["email","openid","https://www.googleapis.com/auth/cloudplatformprojects.readonly","https://www.googleapis.com/auth/firebase","https://www.googleapis.com/auth/cloud-platform"]
[debug] [2021-03-31T01:12:53.364Z] > authorizing via signed-in user
[debug] [2021-03-31T01:12:53.364Z] [iam] checking project simpleweathercheckapp for permissions ["firebase.projects.get","firebasehosting.sites.update"]
[debug] [2021-03-31T01:12:53.367Z] > refreshing access token with scopes: ["email","https://www.googleapis.com/auth/cloud-platform","https://www.googleapis.com/auth/cloudplatformprojects.readonly","https://www.googleapis.com/auth/firebase","openid"]
[debug] [2021-03-31T01:12:53.368Z] >>> HTTP REQUEST POST https://www.googleapis.com/oauth2/v3/token  
 <request body omitted>
[debug] [2021-03-31T01:12:53.644Z] <<< HTTP RESPONSE 200 {"cache-control":"no-cache, no-store, max-age=0, must-revalidate","date":"Wed, 31 Mar 2021 01:12:53 GMT","pragma":"no-cache","expires":"Mon, 01 Jan 1990 00:00:00 GMT","content-type":"application/json; charset=utf-8","vary":"X-Origin, Referer, Origin,Accept-Encoding","server":"scaffolding on HTTPServer2","x-xss-protection":"0","x-frame-options":"SAMEORIGIN","x-content-type-options":"nosniff","alt-svc":"h3-29=\":443\"; ma=2592000,h3-T051=\":443\"; ma=2592000,h3-Q050=\":443\"; ma=2592000,h3-Q046=\":443\"; ma=2592000,h3-Q043=\":443\"; ma=2592000,quic=\":443\"; ma=2592000; v=\"46,43\"","accept-ranges":"none","transfer-encoding":"chunked"}
[debug] [2021-03-31T01:12:53.652Z] >>> HTTP REQUEST POST https://cloudresourcemanager.googleapis.com/v1/projects/simpleweathercheckapp:testIamPermissions  
 {"permissions":["firebase.projects.get","firebasehosting.sites.update"]}
[debug] [2021-03-31T01:12:54.663Z] <<< HTTP RESPONSE 200 {"content-type":"application/json; charset=UTF-8","vary":"X-Origin, Referer, Origin,Accept-Encoding","date":"Wed, 31 Mar 2021 01:12:54 GMT","server":"ESF","cache-control":"private","x-xss-protection":"0","x-frame-options":"SAMEORIGIN","x-content-type-options":"nosniff","server-timing":"gfet4t7; dur=824","alt-svc":"h3-29=\":443\"; ma=2592000,h3-T051=\":443\"; ma=2592000,h3-Q050=\":443\"; ma=2592000,h3-Q046=\":443\"; ma=2592000,h3-Q043=\":443\"; ma=2592000,quic=\":443\"; ma=2592000; v=\"46,43\"","accept-ranges":"none","transfer-encoding":"chunked"}
[debug] [2021-03-31T01:12:54.665Z] > refreshing access token with scopes: []
[debug] [2021-03-31T01:12:54.666Z] >>> HTTP REQUEST POST https://www.googleapis.com/oauth2/v3/token  
 <request body omitted>
[debug] [2021-03-31T01:12:54.919Z] <<< HTTP RESPONSE 200 {"expires":"Mon, 01 Jan 1990 00:00:00 GMT","cache-control":"no-cache, no-store, max-age=0, must-revalidate","pragma":"no-cache","date":"Wed, 31 Mar 2021 01:12:54 GMT","content-type":"application/json; charset=utf-8","vary":"X-Origin, Referer, Origin,Accept-Encoding","server":"scaffolding on HTTPServer2","x-xss-protection":"0","x-frame-options":"SAMEORIGIN","x-content-type-options":"nosniff","alt-svc":"h3-29=\":443\"; ma=2592000,h3-T051=\":443\"; ma=2592000,h3-Q050=\":443\"; ma=2592000,h3-Q046=\":443\"; ma=2592000,h3-Q043=\":443\"; ma=2592000,quic=\":443\"; ma=2592000; v=\"46,43\"","accept-ranges":"none","transfer-encoding":"chunked"}
[debug] [2021-03-31T01:12:54.927Z] >>> [apiv2][query] GET https://firebase.googleapis.com/v1beta1/projects/simpleweathercheckapp [none]
[debug] [2021-03-31T01:13:15.935Z] Failed to make request to https://firebase.googleapis.com/v1beta1/projects/simpleweathercheckapp
[debug] [2021-03-31T01:13:16.149Z] FirebaseError: Failed to make request to https://firebase.googleapis.com/v1beta1/projects/simpleweathercheckapp
    at Client.doRequest (C:\Users\Probook\AppData\Roaming\npm\node_modules\firebase-tools\lib\apiv2.js:211:19)
    at processTicksAndRejections (internal/process/task_queues.js:93:5)
    at async Client.request (C:\Users\Probook\AppData\Roaming\npm\node_modules\firebase-tools\lib\apiv2.js:96:20)
    at async Object.getFirebaseProject (C:\Users\Probook\AppData\Roaming\npm\node_modules\firebase-tools\lib\management\projects.js:289:21)
    at async Object.getDefaultHostingSite (C:\Users\Probook\AppData\Roaming\npm\node_modules\firebase-tools\lib\getDefaultHostingSite.js:8:21)
    at async requireHostingSite (C:\Users\Probook\AppData\Roaming\npm\node_modules\firebase-tools\lib\requireHostingSite.js:9:18)
    at async Object.fn (C:\Users\Probook\AppData\Roaming\npm\node_modules\firebase-tools\lib\commands\deploy.js:66:9)
    at async C:\Users\Probook\AppData\Roaming\npm\node_modules\firebase-tools\lib\command.js:161:17
[error] 
[error] Error: Failed to get Firebase project simpleweathercheckapp. Please make sure the project exists and your account has permission to access it.
